{
  "C:\\Users\\danny\\libs\\any-chat\\example\\index.js": {
    "path": "C:\\Users\\danny\\libs\\any-chat\\example\\index.js",
    "statementMap": {
      "0": {
        "start": {
          "line": 3,
          "column": 0
        },
        "end": {
          "line": 3,
          "column": 62
        }
      }
    },
    "fnMap": {},
    "branchMap": {},
    "s": {
      "0": 11
    },
    "f": {},
    "b": {},
    "_coverageSchema": "43e27e138ebf9cfc5966b082cf9a028302ed4184",
    "hash": "e59ce73bdee288e027ac8418499eb437deb3bb56"
  },
  "C:\\Users\\danny\\libs\\any-chat\\src\\chats\\tawkto\\TawkTo.ts": {
    "path": "C:\\Users\\danny\\libs\\any-chat\\src\\chats\\tawkto\\TawkTo.ts",
    "statementMap": {
      "0": {
        "start": {
          "line": 1,
          "column": 17
        },
        "end": {
          "line": 6,
          "column": 1
        }
      },
      "1": {
        "start": {
          "line": 2,
          "column": 12
        },
        "end": {
          "line": 2,
          "column": 28
        }
      },
      "2": {
        "start": {
          "line": 2,
          "column": 34
        },
        "end": {
          "line": 2,
          "column": 125
        }
      },
      "3": {
        "start": {
          "line": 3,
          "column": 4
        },
        "end": {
          "line": 4,
          "column": 150
        }
      },
      "4": {
        "start": {
          "line": 3,
          "column": 79
        },
        "end": {
          "line": 3,
          "column": 131
        }
      },
      "5": {
        "start": {
          "line": 4,
          "column": 9
        },
        "end": {
          "line": 4,
          "column": 150
        }
      },
      "6": {
        "start": {
          "line": 4,
          "column": 22
        },
        "end": {
          "line": 4,
          "column": 43
        }
      },
      "7": {
        "start": {
          "line": 4,
          "column": 58
        },
        "end": {
          "line": 4,
          "column": 150
        }
      },
      "8": {
        "start": {
          "line": 4,
          "column": 81
        },
        "end": {
          "line": 4,
          "column": 150
        }
      },
      "9": {
        "start": {
          "line": 5,
          "column": 4
        },
        "end": {
          "line": 5,
          "column": 66
        }
      },
      "10": {
        "start": {
          "line": 7,
          "column": 16
        },
        "end": {
          "line": 14,
          "column": 1
        }
      },
      "11": {
        "start": {
          "line": 8,
          "column": 4
        },
        "end": {
          "line": 13,
          "column": 7
        }
      },
      "12": {
        "start": {
          "line": 9,
          "column": 36
        },
        "end": {
          "line": 9,
          "column": 97
        }
      },
      "13": {
        "start": {
          "line": 9,
          "column": 42
        },
        "end": {
          "line": 9,
          "column": 70
        }
      },
      "14": {
        "start": {
          "line": 9,
          "column": 85
        },
        "end": {
          "line": 9,
          "column": 95
        }
      },
      "15": {
        "start": {
          "line": 10,
          "column": 35
        },
        "end": {
          "line": 10,
          "column": 100
        }
      },
      "16": {
        "start": {
          "line": 10,
          "column": 41
        },
        "end": {
          "line": 10,
          "column": 73
        }
      },
      "17": {
        "start": {
          "line": 10,
          "column": 88
        },
        "end": {
          "line": 10,
          "column": 98
        }
      },
      "18": {
        "start": {
          "line": 11,
          "column": 32
        },
        "end": {
          "line": 11,
          "column": 149
        }
      },
      "19": {
        "start": {
          "line": 11,
          "column": 97
        },
        "end": {
          "line": 11,
          "column": 119
        }
      },
      "20": {
        "start": {
          "line": 12,
          "column": 8
        },
        "end": {
          "line": 12,
          "column": 78
        }
      },
      "21": {
        "start": {
          "line": 19,
          "column": 8
        },
        "end": {
          "line": 19,
          "column": 16
        }
      },
      "22": {
        "start": {
          "line": 20,
          "column": 8
        },
        "end": {
          "line": 20,
          "column": 23
        }
      },
      "23": {
        "start": {
          "line": 21,
          "column": 8
        },
        "end": {
          "line": 31,
          "column": 10
        }
      },
      "24": {
        "start": {
          "line": 24,
          "column": 53
        },
        "end": {
          "line": 24,
          "column": 57
        }
      },
      "25": {
        "start": {
          "line": 25,
          "column": 57
        },
        "end": {
          "line": 25,
          "column": 61
        }
      },
      "26": {
        "start": {
          "line": 32,
          "column": 8
        },
        "end": {
          "line": 32,
          "column": 21
        }
      },
      "27": {
        "start": {
          "line": 35,
          "column": 8
        },
        "end": {
          "line": 35,
          "column": 48
        }
      },
      "28": {
        "start": {
          "line": 37,
          "column": 8
        },
        "end": {
          "line": 37,
          "column": 36
        }
      },
      "29": {
        "start": {
          "line": 39,
          "column": 8
        },
        "end": {
          "line": 39,
          "column": 43
        }
      },
      "30": {
        "start": {
          "line": 40,
          "column": 19
        },
        "end": {
          "line": 40,
          "column": 51
        }
      },
      "31": {
        "start": {
          "line": 41,
          "column": 19
        },
        "end": {
          "line": 41,
          "column": 61
        }
      },
      "32": {
        "start": {
          "line": 42,
          "column": 8
        },
        "end": {
          "line": 42,
          "column": 24
        }
      },
      "33": {
        "start": {
          "line": 43,
          "column": 8
        },
        "end": {
          "line": 43,
          "column": 53
        }
      },
      "34": {
        "start": {
          "line": 44,
          "column": 8
        },
        "end": {
          "line": 44,
          "column": 29
        }
      },
      "35": {
        "start": {
          "line": 45,
          "column": 8
        },
        "end": {
          "line": 45,
          "column": 44
        }
      },
      "36": {
        "start": {
          "line": 47,
          "column": 8
        },
        "end": {
          "line": 47,
          "column": 43
        }
      },
      "37": {
        "start": {
          "line": 48,
          "column": 8
        },
        "end": {
          "line": 48,
          "column": 31
        }
      },
      "38": {
        "start": {
          "line": 51,
          "column": 8
        },
        "end": {
          "line": 53,
          "column": 11
        }
      },
      "39": {
        "start": {
          "line": 52,
          "column": 12
        },
        "end": {
          "line": 52,
          "column": 39
        }
      },
      "40": {
        "start": {
          "line": 56,
          "column": 8
        },
        "end": {
          "line": 58,
          "column": 11
        }
      },
      "41": {
        "start": {
          "line": 57,
          "column": 12
        },
        "end": {
          "line": 57,
          "column": 39
        }
      },
      "42": {
        "start": {
          "line": 61,
          "column": 8
        },
        "end": {
          "line": 63,
          "column": 11
        }
      },
      "43": {
        "start": {
          "line": 62,
          "column": 12
        },
        "end": {
          "line": 62,
          "column": 38
        }
      },
      "44": {
        "start": {
          "line": 66,
          "column": 8
        },
        "end": {
          "line": 74,
          "column": 11
        }
      },
      "45": {
        "start": {
          "line": 67,
          "column": 12
        },
        "end": {
          "line": 73,
          "column": 15
        }
      },
      "46": {
        "start": {
          "line": 68,
          "column": 16
        },
        "end": {
          "line": 72,
          "column": 19
        }
      },
      "47": {
        "start": {
          "line": 69,
          "column": 20
        },
        "end": {
          "line": 70,
          "column": 38
        }
      },
      "48": {
        "start": {
          "line": 70,
          "column": 24
        },
        "end": {
          "line": 70,
          "column": 38
        }
      },
      "49": {
        "start": {
          "line": 71,
          "column": 20
        },
        "end": {
          "line": 71,
          "column": 30
        }
      },
      "50": {
        "start": {
          "line": 77,
          "column": 8
        },
        "end": {
          "line": 79,
          "column": 11
        }
      },
      "51": {
        "start": {
          "line": 78,
          "column": 12
        },
        "end": {
          "line": 78,
          "column": 36
        }
      },
      "52": {
        "start": {
          "line": 82,
          "column": 8
        },
        "end": {
          "line": 90,
          "column": 11
        }
      },
      "53": {
        "start": {
          "line": 83,
          "column": 12
        },
        "end": {
          "line": 89,
          "column": 15
        }
      },
      "54": {
        "start": {
          "line": 84,
          "column": 16
        },
        "end": {
          "line": 88,
          "column": 19
        }
      },
      "55": {
        "start": {
          "line": 85,
          "column": 20
        },
        "end": {
          "line": 86,
          "column": 38
        }
      },
      "56": {
        "start": {
          "line": 86,
          "column": 24
        },
        "end": {
          "line": 86,
          "column": 38
        }
      },
      "57": {
        "start": {
          "line": 87,
          "column": 20
        },
        "end": {
          "line": 87,
          "column": 30
        }
      },
      "58": {
        "start": {
          "line": 93,
          "column": 8
        },
        "end": {
          "line": 101,
          "column": 11
        }
      },
      "59": {
        "start": {
          "line": 94,
          "column": 12
        },
        "end": {
          "line": 100,
          "column": 15
        }
      },
      "60": {
        "start": {
          "line": 95,
          "column": 16
        },
        "end": {
          "line": 99,
          "column": 19
        }
      },
      "61": {
        "start": {
          "line": 96,
          "column": 20
        },
        "end": {
          "line": 97,
          "column": 38
        }
      },
      "62": {
        "start": {
          "line": 97,
          "column": 24
        },
        "end": {
          "line": 97,
          "column": 38
        }
      },
      "63": {
        "start": {
          "line": 98,
          "column": 20
        },
        "end": {
          "line": 98,
          "column": 30
        }
      },
      "64": {
        "start": {
          "line": 104,
          "column": 8
        },
        "end": {
          "line": 112,
          "column": 11
        }
      },
      "65": {
        "start": {
          "line": 105,
          "column": 12
        },
        "end": {
          "line": 111,
          "column": 15
        }
      },
      "66": {
        "start": {
          "line": 106,
          "column": 16
        },
        "end": {
          "line": 110,
          "column": 19
        }
      },
      "67": {
        "start": {
          "line": 107,
          "column": 20
        },
        "end": {
          "line": 108,
          "column": 38
        }
      },
      "68": {
        "start": {
          "line": 108,
          "column": 24
        },
        "end": {
          "line": 108,
          "column": 38
        }
      },
      "69": {
        "start": {
          "line": 109,
          "column": 20
        },
        "end": {
          "line": 109,
          "column": 30
        }
      },
      "70": {
        "start": {
          "line": 115,
          "column": 8
        },
        "end": {
          "line": 117,
          "column": 11
        }
      },
      "71": {
        "start": {
          "line": 116,
          "column": 12
        },
        "end": {
          "line": 116,
          "column": 37
        }
      },
      "72": {
        "start": {
          "line": 120,
          "column": 8
        },
        "end": {
          "line": 120,
          "column": 47
        }
      },
      "73": {
        "start": {
          "line": 123,
          "column": 8
        },
        "end": {
          "line": 123,
          "column": 49
        }
      },
      "74": {
        "start": {
          "line": 126,
          "column": 8
        },
        "end": {
          "line": 126,
          "column": 50
        }
      },
      "75": {
        "start": {
          "line": 129,
          "column": 8
        },
        "end": {
          "line": 129,
          "column": 46
        }
      },
      "76": {
        "start": {
          "line": 132,
          "column": 8
        },
        "end": {
          "line": 132,
          "column": 55
        }
      },
      "77": {
        "start": {
          "line": 135,
          "column": 8
        },
        "end": {
          "line": 135,
          "column": 56
        }
      },
      "78": {
        "start": {
          "line": 138,
          "column": 8
        },
        "end": {
          "line": 138,
          "column": 53
        }
      },
      "79": {
        "start": {
          "line": 141,
          "column": 8
        },
        "end": {
          "line": 141,
          "column": 49
        }
      },
      "80": {
        "start": {
          "line": 144,
          "column": 8
        },
        "end": {
          "line": 144,
          "column": 43
        }
      },
      "81": {
        "start": {
          "line": 147,
          "column": 0
        },
        "end": {
          "line": 149,
          "column": 35
        }
      },
      "82": {
        "start": {
          "line": 150,
          "column": 0
        },
        "end": {
          "line": 152,
          "column": 36
        }
      },
      "83": {
        "start": {
          "line": 153,
          "column": 0
        },
        "end": {
          "line": 155,
          "column": 34
        }
      },
      "84": {
        "start": {
          "line": 156,
          "column": 0
        },
        "end": {
          "line": 158,
          "column": 36
        }
      },
      "85": {
        "start": {
          "line": 159,
          "column": 0
        },
        "end": {
          "line": 161,
          "column": 36
        }
      },
      "86": {
        "start": {
          "line": 162,
          "column": 0
        },
        "end": {
          "line": 164,
          "column": 38
        }
      },
      "87": {
        "start": {
          "line": 165,
          "column": 0
        },
        "end": {
          "line": 167,
          "column": 41
        }
      },
      "88": {
        "start": {
          "line": 168,
          "column": 0
        },
        "end": {
          "line": 170,
          "column": 45
        }
      },
      "89": {
        "start": {
          "line": 171,
          "column": 0
        },
        "end": {
          "line": 173,
          "column": 37
        }
      },
      "90": {
        "start": {
          "line": 174,
          "column": 0
        },
        "end": {
          "line": 176,
          "column": 41
        }
      },
      "91": {
        "start": {
          "line": 177,
          "column": 0
        },
        "end": {
          "line": 179,
          "column": 39
        }
      },
      "92": {
        "start": {
          "line": 180,
          "column": 0
        },
        "end": {
          "line": 182,
          "column": 40
        }
      },
      "93": {
        "start": {
          "line": 183,
          "column": 0
        },
        "end": {
          "line": 185,
          "column": 39
        }
      },
      "94": {
        "start": {
          "line": 186,
          "column": 0
        },
        "end": {
          "line": 188,
          "column": 39
        }
      },
      "95": {
        "start": {
          "line": 189,
          "column": 0
        },
        "end": {
          "line": 191,
          "column": 40
        }
      },
      "96": {
        "start": {
          "line": 192,
          "column": 0
        },
        "end": {
          "line": 194,
          "column": 37
        }
      },
      "97": {
        "start": {
          "line": 195,
          "column": 0
        },
        "end": {
          "line": 197,
          "column": 37
        }
      },
      "98": {
        "start": {
          "line": 198,
          "column": 0
        },
        "end": {
          "line": 200,
          "column": 36
        }
      }
    },
    "fnMap": {
      "0": {
        "name": "(anonymous_0)",
        "decl": {
          "start": {
            "line": 1,
            "column": 46
          },
          "end": {
            "line": 1,
            "column": 47
          }
        },
        "loc": {
          "start": {
            "line": 1,
            "column": 87
          },
          "end": {
            "line": 6,
            "column": 1
          }
        },
        "line": 1
      },
      "1": {
        "name": "(anonymous_1)",
        "decl": {
          "start": {
            "line": 7,
            "column": 44
          },
          "end": {
            "line": 7,
            "column": 45
          }
        },
        "loc": {
          "start": {
            "line": 7,
            "column": 89
          },
          "end": {
            "line": 14,
            "column": 1
          }
        },
        "line": 7
      },
      "2": {
        "name": "(anonymous_2)",
        "decl": {
          "start": {
            "line": 8,
            "column": 36
          },
          "end": {
            "line": 8,
            "column": 37
          }
        },
        "loc": {
          "start": {
            "line": 8,
            "column": 63
          },
          "end": {
            "line": 13,
            "column": 5
          }
        },
        "line": 8
      },
      "3": {
        "name": "fulfilled",
        "decl": {
          "start": {
            "line": 9,
            "column": 17
          },
          "end": {
            "line": 9,
            "column": 26
          }
        },
        "loc": {
          "start": {
            "line": 9,
            "column": 34
          },
          "end": {
            "line": 9,
            "column": 99
          }
        },
        "line": 9
      },
      "4": {
        "name": "rejected",
        "decl": {
          "start": {
            "line": 10,
            "column": 17
          },
          "end": {
            "line": 10,
            "column": 25
          }
        },
        "loc": {
          "start": {
            "line": 10,
            "column": 33
          },
          "end": {
            "line": 10,
            "column": 102
          }
        },
        "line": 10
      },
      "5": {
        "name": "step",
        "decl": {
          "start": {
            "line": 11,
            "column": 17
          },
          "end": {
            "line": 11,
            "column": 21
          }
        },
        "loc": {
          "start": {
            "line": 11,
            "column": 30
          },
          "end": {
            "line": 11,
            "column": 151
          }
        },
        "line": 11
      },
      "6": {
        "name": "(anonymous_6)",
        "decl": {
          "start": {
            "line": 11,
            "column": 76
          },
          "end": {
            "line": 11,
            "column": 77
          }
        },
        "loc": {
          "start": {
            "line": 11,
            "column": 95
          },
          "end": {
            "line": 11,
            "column": 121
          }
        },
        "line": 11
      },
      "7": {
        "name": "(anonymous_7)",
        "decl": {
          "start": {
            "line": 18,
            "column": 4
          },
          "end": {
            "line": 18,
            "column": 5
          }
        },
        "loc": {
          "start": {
            "line": 18,
            "column": 21
          },
          "end": {
            "line": 33,
            "column": 5
          }
        },
        "line": 18
      },
      "8": {
        "name": "(anonymous_8)",
        "decl": {
          "start": {
            "line": 24,
            "column": 43
          },
          "end": {
            "line": 24,
            "column": 44
          }
        },
        "loc": {
          "start": {
            "line": 24,
            "column": 53
          },
          "end": {
            "line": 24,
            "column": 57
          }
        },
        "line": 24
      },
      "9": {
        "name": "(anonymous_9)",
        "decl": {
          "start": {
            "line": 25,
            "column": 47
          },
          "end": {
            "line": 25,
            "column": 48
          }
        },
        "loc": {
          "start": {
            "line": 25,
            "column": 57
          },
          "end": {
            "line": 25,
            "column": 61
          }
        },
        "line": 25
      },
      "10": {
        "name": "(anonymous_10)",
        "decl": {
          "start": {
            "line": 34,
            "column": 4
          },
          "end": {
            "line": 34,
            "column": 5
          }
        },
        "loc": {
          "start": {
            "line": 34,
            "column": 14
          },
          "end": {
            "line": 49,
            "column": 5
          }
        },
        "line": 34
      },
      "11": {
        "name": "(anonymous_11)",
        "decl": {
          "start": {
            "line": 50,
            "column": 4
          },
          "end": {
            "line": 50,
            "column": 5
          }
        },
        "loc": {
          "start": {
            "line": 50,
            "column": 11
          },
          "end": {
            "line": 54,
            "column": 5
          }
        },
        "line": 50
      },
      "12": {
        "name": "(anonymous_12)",
        "decl": {
          "start": {
            "line": 51,
            "column": 47
          },
          "end": {
            "line": 51,
            "column": 48
          }
        },
        "loc": {
          "start": {
            "line": 51,
            "column": 60
          },
          "end": {
            "line": 53,
            "column": 9
          }
        },
        "line": 51
      },
      "13": {
        "name": "(anonymous_13)",
        "decl": {
          "start": {
            "line": 55,
            "column": 4
          },
          "end": {
            "line": 55,
            "column": 5
          }
        },
        "loc": {
          "start": {
            "line": 55,
            "column": 12
          },
          "end": {
            "line": 59,
            "column": 5
          }
        },
        "line": 55
      },
      "14": {
        "name": "(anonymous_14)",
        "decl": {
          "start": {
            "line": 56,
            "column": 47
          },
          "end": {
            "line": 56,
            "column": 48
          }
        },
        "loc": {
          "start": {
            "line": 56,
            "column": 60
          },
          "end": {
            "line": 58,
            "column": 9
          }
        },
        "line": 56
      },
      "15": {
        "name": "(anonymous_15)",
        "decl": {
          "start": {
            "line": 60,
            "column": 4
          },
          "end": {
            "line": 60,
            "column": 5
          }
        },
        "loc": {
          "start": {
            "line": 60,
            "column": 10
          },
          "end": {
            "line": 64,
            "column": 5
          }
        },
        "line": 60
      },
      "16": {
        "name": "(anonymous_16)",
        "decl": {
          "start": {
            "line": 61,
            "column": 47
          },
          "end": {
            "line": 61,
            "column": 48
          }
        },
        "loc": {
          "start": {
            "line": 61,
            "column": 60
          },
          "end": {
            "line": 63,
            "column": 9
          }
        },
        "line": 61
      },
      "17": {
        "name": "(anonymous_17)",
        "decl": {
          "start": {
            "line": 65,
            "column": 4
          },
          "end": {
            "line": 65,
            "column": 5
          }
        },
        "loc": {
          "start": {
            "line": 65,
            "column": 27
          },
          "end": {
            "line": 75,
            "column": 5
          }
        },
        "line": 65
      },
      "18": {
        "name": "(anonymous_18)",
        "decl": {
          "start": {
            "line": 66,
            "column": 47
          },
          "end": {
            "line": 66,
            "column": 48
          }
        },
        "loc": {
          "start": {
            "line": 66,
            "column": 60
          },
          "end": {
            "line": 74,
            "column": 9
          }
        },
        "line": 66
      },
      "19": {
        "name": "(anonymous_19)",
        "decl": {
          "start": {
            "line": 67,
            "column": 31
          },
          "end": {
            "line": 67,
            "column": 32
          }
        },
        "loc": {
          "start": {
            "line": 67,
            "column": 52
          },
          "end": {
            "line": 73,
            "column": 13
          }
        },
        "line": 67
      },
      "20": {
        "name": "(anonymous_20)",
        "decl": {
          "start": {
            "line": 68,
            "column": 58
          },
          "end": {
            "line": 68,
            "column": 59
          }
        },
        "loc": {
          "start": {
            "line": 68,
            "column": 67
          },
          "end": {
            "line": 72,
            "column": 17
          }
        },
        "line": 68
      },
      "21": {
        "name": "(anonymous_21)",
        "decl": {
          "start": {
            "line": 76,
            "column": 4
          },
          "end": {
            "line": 76,
            "column": 5
          }
        },
        "loc": {
          "start": {
            "line": 76,
            "column": 12
          },
          "end": {
            "line": 80,
            "column": 5
          }
        },
        "line": 76
      },
      "22": {
        "name": "(anonymous_22)",
        "decl": {
          "start": {
            "line": 77,
            "column": 47
          },
          "end": {
            "line": 77,
            "column": 48
          }
        },
        "loc": {
          "start": {
            "line": 77,
            "column": 60
          },
          "end": {
            "line": 79,
            "column": 9
          }
        },
        "line": 77
      },
      "23": {
        "name": "(anonymous_23)",
        "decl": {
          "start": {
            "line": 81,
            "column": 4
          },
          "end": {
            "line": 81,
            "column": 5
          }
        },
        "loc": {
          "start": {
            "line": 81,
            "column": 18
          },
          "end": {
            "line": 91,
            "column": 5
          }
        },
        "line": 81
      },
      "24": {
        "name": "(anonymous_24)",
        "decl": {
          "start": {
            "line": 82,
            "column": 47
          },
          "end": {
            "line": 82,
            "column": 48
          }
        },
        "loc": {
          "start": {
            "line": 82,
            "column": 60
          },
          "end": {
            "line": 90,
            "column": 9
          }
        },
        "line": 82
      },
      "25": {
        "name": "(anonymous_25)",
        "decl": {
          "start": {
            "line": 83,
            "column": 31
          },
          "end": {
            "line": 83,
            "column": 32
          }
        },
        "loc": {
          "start": {
            "line": 83,
            "column": 52
          },
          "end": {
            "line": 89,
            "column": 13
          }
        },
        "line": 83
      },
      "26": {
        "name": "(anonymous_26)",
        "decl": {
          "start": {
            "line": 84,
            "column": 46
          },
          "end": {
            "line": 84,
            "column": 47
          }
        },
        "loc": {
          "start": {
            "line": 84,
            "column": 55
          },
          "end": {
            "line": 88,
            "column": 17
          }
        },
        "line": 84
      },
      "27": {
        "name": "(anonymous_27)",
        "decl": {
          "start": {
            "line": 92,
            "column": 4
          },
          "end": {
            "line": 92,
            "column": 5
          }
        },
        "loc": {
          "start": {
            "line": 92,
            "column": 21
          },
          "end": {
            "line": 102,
            "column": 5
          }
        },
        "line": 92
      },
      "28": {
        "name": "(anonymous_28)",
        "decl": {
          "start": {
            "line": 93,
            "column": 47
          },
          "end": {
            "line": 93,
            "column": 48
          }
        },
        "loc": {
          "start": {
            "line": 93,
            "column": 60
          },
          "end": {
            "line": 101,
            "column": 9
          }
        },
        "line": 93
      },
      "29": {
        "name": "(anonymous_29)",
        "decl": {
          "start": {
            "line": 94,
            "column": 31
          },
          "end": {
            "line": 94,
            "column": 32
          }
        },
        "loc": {
          "start": {
            "line": 94,
            "column": 52
          },
          "end": {
            "line": 100,
            "column": 13
          }
        },
        "line": 94
      },
      "30": {
        "name": "(anonymous_30)",
        "decl": {
          "start": {
            "line": 95,
            "column": 49
          },
          "end": {
            "line": 95,
            "column": 50
          }
        },
        "loc": {
          "start": {
            "line": 95,
            "column": 58
          },
          "end": {
            "line": 99,
            "column": 17
          }
        },
        "line": 95
      },
      "31": {
        "name": "(anonymous_31)",
        "decl": {
          "start": {
            "line": 103,
            "column": 4
          },
          "end": {
            "line": 103,
            "column": 5
          }
        },
        "loc": {
          "start": {
            "line": 103,
            "column": 25
          },
          "end": {
            "line": 113,
            "column": 5
          }
        },
        "line": 103
      },
      "32": {
        "name": "(anonymous_32)",
        "decl": {
          "start": {
            "line": 104,
            "column": 47
          },
          "end": {
            "line": 104,
            "column": 48
          }
        },
        "loc": {
          "start": {
            "line": 104,
            "column": 60
          },
          "end": {
            "line": 112,
            "column": 9
          }
        },
        "line": 104
      },
      "33": {
        "name": "(anonymous_33)",
        "decl": {
          "start": {
            "line": 105,
            "column": 31
          },
          "end": {
            "line": 105,
            "column": 32
          }
        },
        "loc": {
          "start": {
            "line": 105,
            "column": 52
          },
          "end": {
            "line": 111,
            "column": 13
          }
        },
        "line": 105
      },
      "34": {
        "name": "(anonymous_34)",
        "decl": {
          "start": {
            "line": 106,
            "column": 52
          },
          "end": {
            "line": 106,
            "column": 53
          }
        },
        "loc": {
          "start": {
            "line": 106,
            "column": 61
          },
          "end": {
            "line": 110,
            "column": 17
          }
        },
        "line": 106
      },
      "35": {
        "name": "(anonymous_35)",
        "decl": {
          "start": {
            "line": 114,
            "column": 4
          },
          "end": {
            "line": 114,
            "column": 5
          }
        },
        "loc": {
          "start": {
            "line": 114,
            "column": 13
          },
          "end": {
            "line": 118,
            "column": 5
          }
        },
        "line": 114
      },
      "36": {
        "name": "(anonymous_36)",
        "decl": {
          "start": {
            "line": 115,
            "column": 47
          },
          "end": {
            "line": 115,
            "column": 48
          }
        },
        "loc": {
          "start": {
            "line": 115,
            "column": 60
          },
          "end": {
            "line": 117,
            "column": 9
          }
        },
        "line": 115
      },
      "37": {
        "name": "(anonymous_37)",
        "decl": {
          "start": {
            "line": 119,
            "column": 4
          },
          "end": {
            "line": 119,
            "column": 5
          }
        },
        "loc": {
          "start": {
            "line": 119,
            "column": 17
          },
          "end": {
            "line": 121,
            "column": 5
          }
        },
        "line": 119
      },
      "38": {
        "name": "(anonymous_38)",
        "decl": {
          "start": {
            "line": 122,
            "column": 4
          },
          "end": {
            "line": 122,
            "column": 5
          }
        },
        "loc": {
          "start": {
            "line": 122,
            "column": 15
          },
          "end": {
            "line": 124,
            "column": 5
          }
        },
        "line": 122
      },
      "39": {
        "name": "(anonymous_39)",
        "decl": {
          "start": {
            "line": 125,
            "column": 4
          },
          "end": {
            "line": 125,
            "column": 5
          }
        },
        "loc": {
          "start": {
            "line": 125,
            "column": 16
          },
          "end": {
            "line": 127,
            "column": 5
          }
        },
        "line": 125
      },
      "40": {
        "name": "(anonymous_40)",
        "decl": {
          "start": {
            "line": 128,
            "column": 4
          },
          "end": {
            "line": 128,
            "column": 5
          }
        },
        "loc": {
          "start": {
            "line": 128,
            "column": 15
          },
          "end": {
            "line": 130,
            "column": 5
          }
        },
        "line": 128
      },
      "41": {
        "name": "(anonymous_41)",
        "decl": {
          "start": {
            "line": 131,
            "column": 4
          },
          "end": {
            "line": 131,
            "column": 5
          }
        },
        "loc": {
          "start": {
            "line": 131,
            "column": 15
          },
          "end": {
            "line": 133,
            "column": 5
          }
        },
        "line": 131
      },
      "42": {
        "name": "(anonymous_42)",
        "decl": {
          "start": {
            "line": 134,
            "column": 4
          },
          "end": {
            "line": 134,
            "column": 5
          }
        },
        "loc": {
          "start": {
            "line": 134,
            "column": 16
          },
          "end": {
            "line": 136,
            "column": 5
          }
        },
        "line": 134
      },
      "43": {
        "name": "(anonymous_43)",
        "decl": {
          "start": {
            "line": 137,
            "column": 4
          },
          "end": {
            "line": 137,
            "column": 5
          }
        },
        "loc": {
          "start": {
            "line": 137,
            "column": 13
          },
          "end": {
            "line": 139,
            "column": 5
          }
        },
        "line": 137
      },
      "44": {
        "name": "(anonymous_44)",
        "decl": {
          "start": {
            "line": 140,
            "column": 4
          },
          "end": {
            "line": 140,
            "column": 5
          }
        },
        "loc": {
          "start": {
            "line": 140,
            "column": 13
          },
          "end": {
            "line": 142,
            "column": 5
          }
        },
        "line": 140
      },
      "45": {
        "name": "(anonymous_45)",
        "decl": {
          "start": {
            "line": 143,
            "column": 4
          },
          "end": {
            "line": 143,
            "column": 5
          }
        },
        "loc": {
          "start": {
            "line": 143,
            "column": 12
          },
          "end": {
            "line": 145,
            "column": 5
          }
        },
        "line": 143
      }
    },
    "branchMap": {
      "0": {
        "loc": {
          "start": {
            "line": 1,
            "column": 17
          },
          "end": {
            "line": 6,
            "column": 1
          }
        },
        "type": "binary-expr",
        "locations": [
          {
            "start": {
              "line": 1,
              "column": 18
            },
            "end": {
              "line": 1,
              "column": 22
            }
          },
          {
            "start": {
              "line": 1,
              "column": 26
            },
            "end": {
              "line": 1,
              "column": 41
            }
          },
          {
            "start": {
              "line": 1,
              "column": 46
            },
            "end": {
              "line": 6,
              "column": 1
            }
          }
        ],
        "line": 1
      },
      "1": {
        "loc": {
          "start": {
            "line": 2,
            "column": 34
          },
          "end": {
            "line": 2,
            "column": 125
          }
        },
        "type": "cond-expr",
        "locations": [
          {
            "start": {
              "line": 2,
              "column": 42
            },
            "end": {
              "line": 2,
              "column": 48
            }
          },
          {
            "start": {
              "line": 2,
              "column": 51
            },
            "end": {
              "line": 2,
              "column": 125
            }
          }
        ],
        "line": 2
      },
      "2": {
        "loc": {
          "start": {
            "line": 2,
            "column": 51
          },
          "end": {
            "line": 2,
            "column": 125
          }
        },
        "type": "cond-expr",
        "locations": [
          {
            "start": {
              "line": 2,
              "column": 67
            },
            "end": {
              "line": 2,
              "column": 118
            }
          },
          {
            "start": {
              "line": 2,
              "column": 121
            },
            "end": {
              "line": 2,
              "column": 125
            }
          }
        ],
        "line": 2
      },
      "3": {
        "loc": {
          "start": {
            "line": 3,
            "column": 4
          },
          "end": {
            "line": 4,
            "column": 150
          }
        },
        "type": "if",
        "locations": [
          {
            "start": {
              "line": 3,
              "column": 4
            },
            "end": {
              "line": 4,
              "column": 150
            }
          },
          {
            "start": {
              "line": 3,
              "column": 4
            },
            "end": {
              "line": 4,
              "column": 150
            }
          }
        ],
        "line": 3
      },
      "4": {
        "loc": {
          "start": {
            "line": 3,
            "column": 8
          },
          "end": {
            "line": 3,
            "column": 77
          }
        },
        "type": "binary-expr",
        "locations": [
          {
            "start": {
              "line": 3,
              "column": 8
            },
            "end": {
              "line": 3,
              "column": 35
            }
          },
          {
            "start": {
              "line": 3,
              "column": 39
            },
            "end": {
              "line": 3,
              "column": 77
            }
          }
        ],
        "line": 3
      },
      "5": {
        "loc": {
          "start": {
            "line": 4,
            "column": 58
          },
          "end": {
            "line": 4,
            "column": 150
          }
        },
        "type": "if",
        "locations": [
          {
            "start": {
              "line": 4,
              "column": 58
            },
            "end": {
              "line": 4,
              "column": 150
            }
          },
          {
            "start": {
              "line": 4,
              "column": 58
            },
            "end": {
              "line": 4,
              "column": 150
            }
          }
        ],
        "line": 4
      },
      "6": {
        "loc": {
          "start": {
            "line": 4,
            "column": 85
          },
          "end": {
            "line": 4,
            "column": 149
          }
        },
        "type": "binary-expr",
        "locations": [
          {
            "start": {
              "line": 4,
              "column": 86
            },
            "end": {
              "line": 4,
              "column": 143
            }
          },
          {
            "start": {
              "line": 4,
              "column": 148
            },
            "end": {
              "line": 4,
              "column": 149
            }
          }
        ],
        "line": 4
      },
      "7": {
        "loc": {
          "start": {
            "line": 4,
            "column": 86
          },
          "end": {
            "line": 4,
            "column": 143
          }
        },
        "type": "cond-expr",
        "locations": [
          {
            "start": {
              "line": 4,
              "column": 94
            },
            "end": {
              "line": 4,
              "column": 98
            }
          },
          {
            "start": {
              "line": 4,
              "column": 101
            },
            "end": {
              "line": 4,
              "column": 143
            }
          }
        ],
        "line": 4
      },
      "8": {
        "loc": {
          "start": {
            "line": 4,
            "column": 101
          },
          "end": {
            "line": 4,
            "column": 143
          }
        },
        "type": "cond-expr",
        "locations": [
          {
            "start": {
              "line": 4,
              "column": 109
            },
            "end": {
              "line": 4,
              "column": 126
            }
          },
          {
            "start": {
              "line": 4,
              "column": 129
            },
            "end": {
              "line": 4,
              "column": 143
            }
          }
        ],
        "line": 4
      },
      "9": {
        "loc": {
          "start": {
            "line": 5,
            "column": 11
          },
          "end": {
            "line": 5,
            "column": 62
          }
        },
        "type": "binary-expr",
        "locations": [
          {
            "start": {
              "line": 5,
              "column": 11
            },
            "end": {
              "line": 5,
              "column": 16
            }
          },
          {
            "start": {
              "line": 5,
              "column": 20
            },
            "end": {
              "line": 5,
              "column": 21
            }
          },
          {
            "start": {
              "line": 5,
              "column": 25
            },
            "end": {
              "line": 5,
              "column": 62
            }
          }
        ],
        "line": 5
      },
      "10": {
        "loc": {
          "start": {
            "line": 7,
            "column": 16
          },
          "end": {
            "line": 14,
            "column": 1
          }
        },
        "type": "binary-expr",
        "locations": [
          {
            "start": {
              "line": 7,
              "column": 17
            },
            "end": {
              "line": 7,
              "column": 21
            }
          },
          {
            "start": {
              "line": 7,
              "column": 25
            },
            "end": {
              "line": 7,
              "column": 39
            }
          },
          {
            "start": {
              "line": 7,
              "column": 44
            },
            "end": {
              "line": 14,
              "column": 1
            }
          }
        ],
        "line": 7
      },
      "11": {
        "loc": {
          "start": {
            "line": 8,
            "column": 16
          },
          "end": {
            "line": 8,
            "column": 34
          }
        },
        "type": "binary-expr",
        "locations": [
          {
            "start": {
              "line": 8,
              "column": 16
            },
            "end": {
              "line": 8,
              "column": 17
            }
          },
          {
            "start": {
              "line": 8,
              "column": 22
            },
            "end": {
              "line": 8,
              "column": 33
            }
          }
        ],
        "line": 8
      },
      "12": {
        "loc": {
          "start": {
            "line": 11,
            "column": 32
          },
          "end": {
            "line": 11,
            "column": 148
          }
        },
        "type": "cond-expr",
        "locations": [
          {
            "start": {
              "line": 11,
              "column": 46
            },
            "end": {
              "line": 11,
              "column": 67
            }
          },
          {
            "start": {
              "line": 11,
              "column": 70
            },
            "end": {
              "line": 11,
              "column": 148
            }
          }
        ],
        "line": 11
      },
      "13": {
        "loc": {
          "start": {
            "line": 12,
            "column": 51
          },
          "end": {
            "line": 12,
            "column": 67
          }
        },
        "type": "binary-expr",
        "locations": [
          {
            "start": {
              "line": 12,
              "column": 51
            },
            "end": {
              "line": 12,
              "column": 61
            }
          },
          {
            "start": {
              "line": 12,
              "column": 65
            },
            "end": {
              "line": 12,
              "column": 67
            }
          }
        ],
        "line": 12
      },
      "14": {
        "loc": {
          "start": {
            "line": 35,
            "column": 26
          },
          "end": {
            "line": 35,
            "column": 47
          }
        },
        "type": "binary-expr",
        "locations": [
          {
            "start": {
              "line": 35,
              "column": 26
            },
            "end": {
              "line": 35,
              "column": 41
            }
          },
          {
            "start": {
              "line": 35,
              "column": 45
            },
            "end": {
              "line": 35,
              "column": 47
            }
          }
        ],
        "line": 35
      },
      "15": {
        "loc": {
          "start": {
            "line": 69,
            "column": 20
          },
          "end": {
            "line": 70,
            "column": 38
          }
        },
        "type": "if",
        "locations": [
          {
            "start": {
              "line": 69,
              "column": 20
            },
            "end": {
              "line": 70,
              "column": 38
            }
          },
          {
            "start": {
              "line": 69,
              "column": 20
            },
            "end": {
              "line": 70,
              "column": 38
            }
          }
        ],
        "line": 69
      },
      "16": {
        "loc": {
          "start": {
            "line": 85,
            "column": 20
          },
          "end": {
            "line": 86,
            "column": 38
          }
        },
        "type": "if",
        "locations": [
          {
            "start": {
              "line": 85,
              "column": 20
            },
            "end": {
              "line": 86,
              "column": 38
            }
          },
          {
            "start": {
              "line": 85,
              "column": 20
            },
            "end": {
              "line": 86,
              "column": 38
            }
          }
        ],
        "line": 85
      },
      "17": {
        "loc": {
          "start": {
            "line": 96,
            "column": 20
          },
          "end": {
            "line": 97,
            "column": 38
          }
        },
        "type": "if",
        "locations": [
          {
            "start": {
              "line": 96,
              "column": 20
            },
            "end": {
              "line": 97,
              "column": 38
            }
          },
          {
            "start": {
              "line": 96,
              "column": 20
            },
            "end": {
              "line": 97,
              "column": 38
            }
          }
        ],
        "line": 96
      },
      "18": {
        "loc": {
          "start": {
            "line": 107,
            "column": 20
          },
          "end": {
            "line": 108,
            "column": 38
          }
        },
        "type": "if",
        "locations": [
          {
            "start": {
              "line": 107,
              "column": 20
            },
            "end": {
              "line": 108,
              "column": 38
            }
          },
          {
            "start": {
              "line": 107,
              "column": 20
            },
            "end": {
              "line": 108,
              "column": 38
            }
          }
        ],
        "line": 107
      }
    },
    "s": {
      "0": 11,
      "1": 198,
      "2": 198,
      "3": 198,
      "4": 0,
      "5": 198,
      "6": 198,
      "7": 198,
      "8": 198,
      "9": 198,
      "10": 11,
      "11": 42,
      "12": 0,
      "13": 0,
      "14": 0,
      "15": 0,
      "16": 0,
      "17": 0,
      "18": 42,
      "19": 0,
      "20": 42,
      "21": 11,
      "22": 11,
      "23": 11,
      "24": 0,
      "25": 0,
      "26": 11,
      "27": 11,
      "28": 11,
      "29": 11,
      "30": 11,
      "31": 11,
      "32": 11,
      "33": 11,
      "34": 11,
      "35": 11,
      "36": 11,
      "37": 11,
      "38": 9,
      "39": 9,
      "40": 8,
      "41": 8,
      "42": 1,
      "43": 1,
      "44": 4,
      "45": 4,
      "46": 4,
      "47": 4,
      "48": 0,
      "49": 4,
      "50": 2,
      "51": 2,
      "52": 3,
      "53": 3,
      "54": 3,
      "55": 3,
      "56": 0,
      "57": 3,
      "58": 3,
      "59": 3,
      "60": 3,
      "61": 3,
      "62": 0,
      "63": 3,
      "64": 5,
      "65": 5,
      "66": 5,
      "67": 5,
      "68": 0,
      "69": 5,
      "70": 7,
      "71": 7,
      "72": 6,
      "73": 14,
      "74": 6,
      "75": 6,
      "76": 0,
      "77": 0,
      "78": 0,
      "79": 28,
      "80": 6,
      "81": 11,
      "82": 11,
      "83": 11,
      "84": 11,
      "85": 11,
      "86": 11,
      "87": 11,
      "88": 11,
      "89": 11,
      "90": 11,
      "91": 11,
      "92": 11,
      "93": 11,
      "94": 11,
      "95": 11,
      "96": 11,
      "97": 11,
      "98": 11
    },
    "f": {
      "0": 198,
      "1": 42,
      "2": 42,
      "3": 0,
      "4": 0,
      "5": 42,
      "6": 0,
      "7": 11,
      "8": 0,
      "9": 0,
      "10": 11,
      "11": 9,
      "12": 9,
      "13": 8,
      "14": 8,
      "15": 1,
      "16": 1,
      "17": 4,
      "18": 4,
      "19": 4,
      "20": 4,
      "21": 2,
      "22": 2,
      "23": 3,
      "24": 3,
      "25": 3,
      "26": 3,
      "27": 3,
      "28": 3,
      "29": 3,
      "30": 3,
      "31": 5,
      "32": 5,
      "33": 5,
      "34": 5,
      "35": 7,
      "36": 7,
      "37": 6,
      "38": 14,
      "39": 6,
      "40": 6,
      "41": 0,
      "42": 0,
      "43": 0,
      "44": 28,
      "45": 6
    },
    "b": {
      "0": [
        11,
        0,
        11
      ],
      "1": [
        0,
        198
      ],
      "2": [
        198,
        0
      ],
      "3": [
        0,
        198
      ],
      "4": [
        198,
        198
      ],
      "5": [
        198,
        0
      ],
      "6": [
        198,
        0
      ],
      "7": [
        0,
        198
      ],
      "8": [
        198,
        0
      ],
      "9": [
        198,
        198,
        198
      ],
      "10": [
        11,
        0,
        11
      ],
      "11": [
        42,
        42
      ],
      "12": [
        42,
        0
      ],
      "13": [
        42,
        42
      ],
      "14": [
        11,
        11
      ],
      "15": [
        0,
        4
      ],
      "16": [
        0,
        3
      ],
      "17": [
        0,
        3
      ],
      "18": [
        0,
        5
      ]
    },
    "_coverageSchema": "43e27e138ebf9cfc5966b082cf9a028302ed4184",
    "hash": "fa1f741f99ab5d46b3d1284930e8720fb55a7c7b"
  },
  "C:\\Users\\danny\\libs\\any-chat\\src\\core\\ChatBase.ts": {
    "path": "C:\\Users\\danny\\libs\\any-chat\\src\\core\\ChatBase.ts",
    "statementMap": {
      "0": {
        "start": {
          "line": 1,
          "column": 16
        },
        "end": {
          "line": 8,
          "column": 1
        }
      },
      "1": {
        "start": {
          "line": 2,
          "column": 4
        },
        "end": {
          "line": 7,
          "column": 7
        }
      },
      "2": {
        "start": {
          "line": 3,
          "column": 36
        },
        "end": {
          "line": 3,
          "column": 97
        }
      },
      "3": {
        "start": {
          "line": 3,
          "column": 42
        },
        "end": {
          "line": 3,
          "column": 70
        }
      },
      "4": {
        "start": {
          "line": 3,
          "column": 85
        },
        "end": {
          "line": 3,
          "column": 95
        }
      },
      "5": {
        "start": {
          "line": 4,
          "column": 35
        },
        "end": {
          "line": 4,
          "column": 100
        }
      },
      "6": {
        "start": {
          "line": 4,
          "column": 41
        },
        "end": {
          "line": 4,
          "column": 73
        }
      },
      "7": {
        "start": {
          "line": 4,
          "column": 88
        },
        "end": {
          "line": 4,
          "column": 98
        }
      },
      "8": {
        "start": {
          "line": 5,
          "column": 32
        },
        "end": {
          "line": 5,
          "column": 149
        }
      },
      "9": {
        "start": {
          "line": 5,
          "column": 97
        },
        "end": {
          "line": 5,
          "column": 119
        }
      },
      "10": {
        "start": {
          "line": 6,
          "column": 8
        },
        "end": {
          "line": 6,
          "column": 78
        }
      },
      "11": {
        "start": {
          "line": 12,
          "column": 8
        },
        "end": {
          "line": 12,
          "column": 28
        }
      },
      "12": {
        "start": {
          "line": 13,
          "column": 8
        },
        "end": {
          "line": 13,
          "column": 35
        }
      },
      "13": {
        "start": {
          "line": 14,
          "column": 8
        },
        "end": {
          "line": 14,
          "column": 29
        }
      },
      "14": {
        "start": {
          "line": 17,
          "column": 23
        },
        "end": {
          "line": 19,
          "column": 10
        }
      },
      "15": {
        "start": {
          "line": 18,
          "column": 31
        },
        "end": {
          "line": 18,
          "column": 41
        }
      },
      "16": {
        "start": {
          "line": 20,
          "column": 8
        },
        "end": {
          "line": 27,
          "column": 11
        }
      },
      "17": {
        "start": {
          "line": 21,
          "column": 12
        },
        "end": {
          "line": 21,
          "column": 35
        }
      },
      "18": {
        "start": {
          "line": 22,
          "column": 12
        },
        "end": {
          "line": 22,
          "column": 48
        }
      },
      "19": {
        "start": {
          "line": 22,
          "column": 34
        },
        "end": {
          "line": 22,
          "column": 46
        }
      },
      "20": {
        "start": {
          "line": 23,
          "column": 12
        },
        "end": {
          "line": 23,
          "column": 32
        }
      },
      "21": {
        "start": {
          "line": 24,
          "column": 12
        },
        "end": {
          "line": 24,
          "column": 45
        }
      },
      "22": {
        "start": {
          "line": 25,
          "column": 12
        },
        "end": {
          "line": 25,
          "column": 32
        }
      },
      "23": {
        "start": {
          "line": 26,
          "column": 12
        },
        "end": {
          "line": 26,
          "column": 25
        }
      },
      "24": {
        "start": {
          "line": 30,
          "column": 8
        },
        "end": {
          "line": 30,
          "column": 28
        }
      },
      "25": {
        "start": {
          "line": 33,
          "column": 8
        },
        "end": {
          "line": 33,
          "column": 28
        }
      },
      "26": {
        "start": {
          "line": 36,
          "column": 8
        },
        "end": {
          "line": 37,
          "column": 37
        }
      },
      "27": {
        "start": {
          "line": 37,
          "column": 12
        },
        "end": {
          "line": 37,
          "column": 37
        }
      },
      "28": {
        "start": {
          "line": 38,
          "column": 8
        },
        "end": {
          "line": 38,
          "column": 72
        }
      },
      "29": {
        "start": {
          "line": 38,
          "column": 38
        },
        "end": {
          "line": 38,
          "column": 70
        }
      },
      "30": {
        "start": {
          "line": 38,
          "column": 60
        },
        "end": {
          "line": 38,
          "column": 69
        }
      },
      "31": {
        "start": {
          "line": 42,
          "column": 8
        },
        "end": {
          "line": 50,
          "column": 9
        }
      },
      "32": {
        "start": {
          "line": 43,
          "column": 12
        },
        "end": {
          "line": 48,
          "column": 13
        }
      },
      "33": {
        "start": {
          "line": 44,
          "column": 16
        },
        "end": {
          "line": 44,
          "column": 72
        }
      },
      "34": {
        "start": {
          "line": 47,
          "column": 16
        },
        "end": {
          "line": 47,
          "column": 62
        }
      },
      "35": {
        "start": {
          "line": 49,
          "column": 12
        },
        "end": {
          "line": 49,
          "column": 54
        }
      },
      "36": {
        "start": {
          "line": 51,
          "column": 8
        },
        "end": {
          "line": 61,
          "column": 11
        }
      },
      "37": {
        "start": {
          "line": 52,
          "column": 12
        },
        "end": {
          "line": 60,
          "column": 15
        }
      },
      "38": {
        "start": {
          "line": 53,
          "column": 16
        },
        "end": {
          "line": 58,
          "column": 17
        }
      },
      "39": {
        "start": {
          "line": 54,
          "column": 20
        },
        "end": {
          "line": 54,
          "column": 76
        }
      },
      "40": {
        "start": {
          "line": 57,
          "column": 20
        },
        "end": {
          "line": 57,
          "column": 55
        }
      },
      "41": {
        "start": {
          "line": 59,
          "column": 16
        },
        "end": {
          "line": 59,
          "column": 39
        }
      },
      "42": {
        "start": {
          "line": 64,
          "column": 8
        },
        "end": {
          "line": 70,
          "column": 9
        }
      },
      "43": {
        "start": {
          "line": 65,
          "column": 12
        },
        "end": {
          "line": 66,
          "column": 47
        }
      },
      "44": {
        "start": {
          "line": 66,
          "column": 16
        },
        "end": {
          "line": 66,
          "column": 47
        }
      },
      "45": {
        "start": {
          "line": 69,
          "column": 12
        },
        "end": {
          "line": 69,
          "column": 37
        }
      },
      "46": {
        "start": {
          "line": 71,
          "column": 8
        },
        "end": {
          "line": 90,
          "column": 11
        }
      },
      "47": {
        "start": {
          "line": 73,
          "column": 24
        },
        "end": {
          "line": 73,
          "column": 25
        }
      },
      "48": {
        "start": {
          "line": 74,
          "column": 12
        },
        "end": {
          "line": 89,
          "column": 13
        }
      },
      "49": {
        "start": {
          "line": 75,
          "column": 16
        },
        "end": {
          "line": 85,
          "column": 33
        }
      },
      "50": {
        "start": {
          "line": 76,
          "column": 20
        },
        "end": {
          "line": 79,
          "column": 21
        }
      },
      "51": {
        "start": {
          "line": 77,
          "column": 24
        },
        "end": {
          "line": 77,
          "column": 48
        }
      },
      "52": {
        "start": {
          "line": 78,
          "column": 24
        },
        "end": {
          "line": 78,
          "column": 78
        }
      },
      "53": {
        "start": {
          "line": 80,
          "column": 20
        },
        "end": {
          "line": 83,
          "column": 21
        }
      },
      "54": {
        "start": {
          "line": 81,
          "column": 24
        },
        "end": {
          "line": 81,
          "column": 48
        }
      },
      "55": {
        "start": {
          "line": 82,
          "column": 24
        },
        "end": {
          "line": 82,
          "column": 40
        }
      },
      "56": {
        "start": {
          "line": 84,
          "column": 20
        },
        "end": {
          "line": 84,
          "column": 42
        }
      },
      "57": {
        "start": {
          "line": 88,
          "column": 16
        },
        "end": {
          "line": 88,
          "column": 49
        }
      },
      "58": {
        "start": {
          "line": 93,
          "column": 8
        },
        "end": {
          "line": 94,
          "column": 19
        }
      },
      "59": {
        "start": {
          "line": 94,
          "column": 12
        },
        "end": {
          "line": 94,
          "column": 19
        }
      },
      "60": {
        "start": {
          "line": 95,
          "column": 8
        },
        "end": {
          "line": 107,
          "column": 9
        }
      },
      "61": {
        "start": {
          "line": 96,
          "column": 26
        },
        "end": {
          "line": 96,
          "column": 44
        }
      },
      "62": {
        "start": {
          "line": 97,
          "column": 12
        },
        "end": {
          "line": 98,
          "column": 25
        }
      },
      "63": {
        "start": {
          "line": 98,
          "column": 16
        },
        "end": {
          "line": 98,
          "column": 25
        }
      },
      "64": {
        "start": {
          "line": 99,
          "column": 12
        },
        "end": {
          "line": 106,
          "column": 13
        }
      },
      "65": {
        "start": {
          "line": 100,
          "column": 16
        },
        "end": {
          "line": 102,
          "column": 19
        }
      },
      "66": {
        "start": {
          "line": 101,
          "column": 20
        },
        "end": {
          "line": 101,
          "column": 48
        }
      },
      "67": {
        "start": {
          "line": 105,
          "column": 16
        },
        "end": {
          "line": 105,
          "column": 82
        }
      },
      "68": {
        "start": {
          "line": 108,
          "column": 8
        },
        "end": {
          "line": 108,
          "column": 34
        }
      },
      "69": {
        "start": {
          "line": 112,
          "column": 8
        },
        "end": {
          "line": 112,
          "column": 36
        }
      }
    },
    "fnMap": {
      "0": {
        "name": "(anonymous_0)",
        "decl": {
          "start": {
            "line": 1,
            "column": 44
          },
          "end": {
            "line": 1,
            "column": 45
          }
        },
        "loc": {
          "start": {
            "line": 1,
            "column": 89
          },
          "end": {
            "line": 8,
            "column": 1
          }
        },
        "line": 1
      },
      "1": {
        "name": "(anonymous_1)",
        "decl": {
          "start": {
            "line": 2,
            "column": 36
          },
          "end": {
            "line": 2,
            "column": 37
          }
        },
        "loc": {
          "start": {
            "line": 2,
            "column": 63
          },
          "end": {
            "line": 7,
            "column": 5
          }
        },
        "line": 2
      },
      "2": {
        "name": "fulfilled",
        "decl": {
          "start": {
            "line": 3,
            "column": 17
          },
          "end": {
            "line": 3,
            "column": 26
          }
        },
        "loc": {
          "start": {
            "line": 3,
            "column": 34
          },
          "end": {
            "line": 3,
            "column": 99
          }
        },
        "line": 3
      },
      "3": {
        "name": "rejected",
        "decl": {
          "start": {
            "line": 4,
            "column": 17
          },
          "end": {
            "line": 4,
            "column": 25
          }
        },
        "loc": {
          "start": {
            "line": 4,
            "column": 33
          },
          "end": {
            "line": 4,
            "column": 102
          }
        },
        "line": 4
      },
      "4": {
        "name": "step",
        "decl": {
          "start": {
            "line": 5,
            "column": 17
          },
          "end": {
            "line": 5,
            "column": 21
          }
        },
        "loc": {
          "start": {
            "line": 5,
            "column": 30
          },
          "end": {
            "line": 5,
            "column": 151
          }
        },
        "line": 5
      },
      "5": {
        "name": "(anonymous_5)",
        "decl": {
          "start": {
            "line": 5,
            "column": 76
          },
          "end": {
            "line": 5,
            "column": 77
          }
        },
        "loc": {
          "start": {
            "line": 5,
            "column": 95
          },
          "end": {
            "line": 5,
            "column": 121
          }
        },
        "line": 5
      },
      "6": {
        "name": "(anonymous_6)",
        "decl": {
          "start": {
            "line": 11,
            "column": 4
          },
          "end": {
            "line": 11,
            "column": 5
          }
        },
        "loc": {
          "start": {
            "line": 11,
            "column": 18
          },
          "end": {
            "line": 15,
            "column": 5
          }
        },
        "line": 11
      },
      "7": {
        "name": "(anonymous_7)",
        "decl": {
          "start": {
            "line": 16,
            "column": 4
          },
          "end": {
            "line": 16,
            "column": 5
          }
        },
        "loc": {
          "start": {
            "line": 16,
            "column": 11
          },
          "end": {
            "line": 28,
            "column": 5
          }
        },
        "line": 16
      },
      "8": {
        "name": "(anonymous_8)",
        "decl": {
          "start": {
            "line": 18,
            "column": 25
          },
          "end": {
            "line": 18,
            "column": 26
          }
        },
        "loc": {
          "start": {
            "line": 18,
            "column": 31
          },
          "end": {
            "line": 18,
            "column": 41
          }
        },
        "line": 18
      },
      "9": {
        "name": "(anonymous_9)",
        "decl": {
          "start": {
            "line": 20,
            "column": 47
          },
          "end": {
            "line": 20,
            "column": 48
          }
        },
        "loc": {
          "start": {
            "line": 20,
            "column": 60
          },
          "end": {
            "line": 27,
            "column": 9
          }
        },
        "line": 20
      },
      "10": {
        "name": "(anonymous_10)",
        "decl": {
          "start": {
            "line": 22,
            "column": 28
          },
          "end": {
            "line": 22,
            "column": 29
          }
        },
        "loc": {
          "start": {
            "line": 22,
            "column": 34
          },
          "end": {
            "line": 22,
            "column": 46
          }
        },
        "line": 22
      },
      "11": {
        "name": "(anonymous_11)",
        "decl": {
          "start": {
            "line": 29,
            "column": 4
          },
          "end": {
            "line": 29,
            "column": 5
          }
        },
        "loc": {
          "start": {
            "line": 29,
            "column": 12
          },
          "end": {
            "line": 31,
            "column": 5
          }
        },
        "line": 29
      },
      "12": {
        "name": "(anonymous_12)",
        "decl": {
          "start": {
            "line": 32,
            "column": 4
          },
          "end": {
            "line": 32,
            "column": 5
          }
        },
        "loc": {
          "start": {
            "line": 32,
            "column": 17
          },
          "end": {
            "line": 34,
            "column": 5
          }
        },
        "line": 32
      },
      "13": {
        "name": "(anonymous_13)",
        "decl": {
          "start": {
            "line": 35,
            "column": 4
          },
          "end": {
            "line": 35,
            "column": 5
          }
        },
        "loc": {
          "start": {
            "line": 35,
            "column": 13
          },
          "end": {
            "line": 39,
            "column": 5
          }
        },
        "line": 35
      },
      "14": {
        "name": "(anonymous_14)",
        "decl": {
          "start": {
            "line": 38,
            "column": 27
          },
          "end": {
            "line": 38,
            "column": 28
          }
        },
        "loc": {
          "start": {
            "line": 38,
            "column": 38
          },
          "end": {
            "line": 38,
            "column": 70
          }
        },
        "line": 38
      },
      "15": {
        "name": "(anonymous_15)",
        "decl": {
          "start": {
            "line": 38,
            "column": 54
          },
          "end": {
            "line": 38,
            "column": 55
          }
        },
        "loc": {
          "start": {
            "line": 38,
            "column": 60
          },
          "end": {
            "line": 38,
            "column": 69
          }
        },
        "line": 38
      },
      "16": {
        "name": "(anonymous_16)",
        "decl": {
          "start": {
            "line": 40,
            "column": 4
          },
          "end": {
            "line": 40,
            "column": 5
          }
        },
        "loc": {
          "start": {
            "line": 40,
            "column": 26
          },
          "end": {
            "line": 62,
            "column": 5
          }
        },
        "line": 40
      },
      "17": {
        "name": "(anonymous_17)",
        "decl": {
          "start": {
            "line": 51,
            "column": 27
          },
          "end": {
            "line": 51,
            "column": 28
          }
        },
        "loc": {
          "start": {
            "line": 51,
            "column": 41
          },
          "end": {
            "line": 61,
            "column": 9
          }
        },
        "line": 51
      },
      "18": {
        "name": "(anonymous_18)",
        "decl": {
          "start": {
            "line": 52,
            "column": 28
          },
          "end": {
            "line": 52,
            "column": 29
          }
        },
        "loc": {
          "start": {
            "line": 52,
            "column": 34
          },
          "end": {
            "line": 60,
            "column": 13
          }
        },
        "line": 52
      },
      "19": {
        "name": "(anonymous_19)",
        "decl": {
          "start": {
            "line": 63,
            "column": 4
          },
          "end": {
            "line": 63,
            "column": 5
          }
        },
        "loc": {
          "start": {
            "line": 63,
            "column": 59
          },
          "end": {
            "line": 91,
            "column": 5
          }
        },
        "line": 63
      },
      "20": {
        "name": "(anonymous_20)",
        "decl": {
          "start": {
            "line": 71,
            "column": 27
          },
          "end": {
            "line": 71,
            "column": 28
          }
        },
        "loc": {
          "start": {
            "line": 71,
            "column": 48
          },
          "end": {
            "line": 90,
            "column": 9
          }
        },
        "line": 71
      },
      "21": {
        "name": "(anonymous_21)",
        "decl": {
          "start": {
            "line": 75,
            "column": 39
          },
          "end": {
            "line": 75,
            "column": 40
          }
        },
        "loc": {
          "start": {
            "line": 75,
            "column": 45
          },
          "end": {
            "line": 85,
            "column": 17
          }
        },
        "line": 75
      },
      "22": {
        "name": "(anonymous_22)",
        "decl": {
          "start": {
            "line": 92,
            "column": 4
          },
          "end": {
            "line": 92,
            "column": 5
          }
        },
        "loc": {
          "start": {
            "line": 92,
            "column": 19
          },
          "end": {
            "line": 109,
            "column": 5
          }
        },
        "line": 92
      },
      "23": {
        "name": "(anonymous_23)",
        "decl": {
          "start": {
            "line": 100,
            "column": 53
          },
          "end": {
            "line": 100,
            "column": 54
          }
        },
        "loc": {
          "start": {
            "line": 100,
            "column": 66
          },
          "end": {
            "line": 102,
            "column": 17
          }
        },
        "line": 100
      },
      "24": {
        "name": "(anonymous_24)",
        "decl": {
          "start": {
            "line": 110,
            "column": 4
          },
          "end": {
            "line": 110,
            "column": 5
          }
        },
        "loc": {
          "start": {
            "line": 110,
            "column": 33
          },
          "end": {
            "line": 113,
            "column": 5
          }
        },
        "line": 110
      }
    },
    "branchMap": {
      "0": {
        "loc": {
          "start": {
            "line": 1,
            "column": 16
          },
          "end": {
            "line": 8,
            "column": 1
          }
        },
        "type": "binary-expr",
        "locations": [
          {
            "start": {
              "line": 1,
              "column": 17
            },
            "end": {
              "line": 1,
              "column": 21
            }
          },
          {
            "start": {
              "line": 1,
              "column": 25
            },
            "end": {
              "line": 1,
              "column": 39
            }
          },
          {
            "start": {
              "line": 1,
[...]
        "decl": {
          "start": {
            "line": 3,
            "column": 4
          },
          "end": {
            "line": 3,
            "column": 5
          }
        },
        "loc": {
          "start": {
            "line": 3,
            "column": 18
          },
          "end": {
            "line": 6,
            "column": 5
          }
        },
        "line": 3
      },
      "1": {
        "name": "(anonymous_1)",
        "decl": {
          "start": {
            "line": 7,
            "column": 4
          },
          "end": {
            "line": 7,
            "column": 5
          }
        },
        "loc": {
          "start": {
            "line": 7,
            "column": 30
          },
          "end": {
            "line": 19,
            "column": 5
          }
        },
        "line": 7
      },
      "2": {
        "name": "(anonymous_2)",
        "decl": {
          "start": {
            "line": 14,
            "column": 18
          },
          "end": {
            "line": 14,
            "column": 19
          }
        },
        "loc": {
          "start": {
            "line": 14,
            "column": 28
          },
          "end": {
            "line": 16,
            "column": 13
          }
        },
        "line": 14
      },
      "3": {
        "name": "(anonymous_3)",
        "decl": {
          "start": {
            "line": 20,
            "column": 4
          },
          "end": {
            "line": 20,
            "column": 5
          }
        },
        "loc": {
          "start": {
            "line": 20,
            "column": 21
          },
          "end": {
            "line": 24,
            "column": 5
          }
        },
        "line": 20
      },
      "4": {
        "name": "(anonymous_4)",
        "decl": {
          "start": {
            "line": 25,
            "column": 4
          },
          "end": {
            "line": 25,
            "column": 5
          }
        },
        "loc": {
          "start": {
            "line": 25,
            "column": 11
          },
          "end": {
            "line": 27,
            "column": 5
          }
        },
        "line": 25
      },
      "5": {
        "name": "(anonymous_5)",
        "decl": {
          "start": {
            "line": 28,
            "column": 4
          },
          "end": {
            "line": 28,
            "column": 5
          }
        },
        "loc": {
          "start": {
            "line": 28,
            "column": 16
          },
          "end": {
            "line": 50,
            "column": 5
          }
        },
        "line": 28
      },
      "6": {
        "name": "(anonymous_6)",
        "decl": {
          "start": {
            "line": 37,
            "column": 27
          },
          "end": {
            "line": 37,
            "column": 28
          }
        },
        "loc": {
          "start": {
            "line": 37,
            "column": 39
          },
          "end": {
            "line": 38,
            "column": 17
          }
        },
        "line": 37
      },
      "7": {
        "name": "(anonymous_7)",
        "decl": {
          "start": {
            "line": 51,
            "column": 4
          },
          "end": {
            "line": 51,
            "column": 5
          }
        },
        "loc": {
          "start": {
            "line": 51,
            "column": 32
          },
          "end": {
            "line": 56,
            "column": 5
          }
        },
        "line": 51
      },
      "8": {
        "name": "(anonymous_8)",
        "decl": {
          "start": {
            "line": 57,
            "column": 4
          },
          "end": {
            "line": 57,
            "column": 5
          }
        },
        "loc": {
          "start": {
            "line": 57,
            "column": 24
          },
          "end": {
            "line": 59,
            "column": 5
          }
        },
        "line": 57
      },
      "9": {
        "name": "(anonymous_9)",
        "decl": {
          "start": {
            "line": 60,
            "column": 4
          },
          "end": {
            "line": 60,
            "column": 5
          }
        },
        "loc": {
          "start": {
            "line": 60,
            "column": 48
          },
          "end": {
            "line": 65,
            "column": 5
          }
        },
        "line": 60
      },
      "10": {
        "name": "(anonymous_10)",
        "decl": {
          "start": {
            "line": 66,
            "column": 4
          },
          "end": {
            "line": 66,
            "column": 5
          }
        },
        "loc": {
          "start": {
            "line": 66,
            "column": 44
          },
          "end": {
            "line": 73,
            "column": 5
          }
        },
        "line": 66
      },
      "11": {
        "name": "(anonymous_11)",
        "decl": {
          "start": {
            "line": 74,
            "column": 4
          },
          "end": {
            "line": 74,
            "column": 5
          }
        },
        "loc": {
          "start": {
            "line": 74,
            "column": 36
          },
          "end": {
            "line": 78,
            "column": 5
          }
        },
        "line": 74
      }
    },
    "branchMap": {
      "0": {
        "loc": {
          "start": {
            "line": 11,
            "column": 8
          },
          "end": {
            "line": 12,
            "column": 19
          }
        },
        "type": "if",
        "locations": [
          {
            "start": {
              "line": 11,
              "column": 8
            },
            "end": {
              "line": 12,
              "column": 19
            }
          },
          {
            "start": {
              "line": 11,
              "column": 8
            },
            "end": {
              "line": 12,
              "column": 19
            }
          }
        ],
        "line": 11
      },
      "1": {
        "loc": {
          "start": {
            "line": 31,
            "column": 12
          },
          "end": {
            "line": 32,
            "column": 25
          }
        },
        "type": "if",
        "locations": [
          {
            "start": {
              "line": 31,
              "column": 12
            },
            "end": {
              "line": 32,
              "column": 25
            }
          },
          {
            "start": {
              "line": 31,
              "column": 12
            },
            "end": {
              "line": 32,
              "column": 25
            }
          }
        ],
        "line": 31
      },
      "2": {
        "loc": {
          "start": {
            "line": 35,
            "column": 12
          },
          "end": {
            "line": 43,
            "column": 13
          }
        },
        "type": "if",
        "locations": [
          {
            "start": {
              "line": 35,
              "column": 12
            },
            "end": {
              "line": 43,
              "column": 13
            }
          },
          {
            "start": {
              "line": 35,
              "column": 12
            },
            "end": {
              "line": 43,
              "column": 13
            }
          }
        ],
        "line": 35
      },
      "3": {
        "loc": {
          "start": {
            "line": 53,
            "column": 8
          },
          "end": {
            "line": 54,
            "column": 19
          }
        },
        "type": "if",
        "locations": [
          {
            "start": {
              "line": 53,
              "column": 8
            },
            "end": {
              "line": 54,
              "column": 19
            }
          },
          {
            "start": {
              "line": 53,
              "column": 8
            },
            "end": {
              "line": 54,
              "column": 19
            }
          }
        ],
        "line": 53
      },
      "4": {
        "loc": {
          "start": {
            "line": 62,
            "column": 45
          },
          "end": {
            "line": 62,
            "column": 81
          }
        },
        "type": "binary-expr",
        "locations": [
          {
            "start": {
              "line": 62,
              "column": 45
            },
            "end": {
              "line": 62,
              "column": 75
            }
          },
          {
            "start": {
              "line": 62,
              "column": 79
            },
            "end": {
              "line": 62,
              "column": 81
            }
          }
        ],
        "line": 62
      },
      "5": {
        "loc": {
          "start": {
            "line": 68,
            "column": 8
          },
          "end": {
            "line": 72,
            "column": 9
          }
        },
        "type": "if",
        "locations": [
          {
            "start": {
              "line": 68,
              "column": 8
            },
            "end": {
              "line": 72,
              "column": 9
            }
          },
          {
            "start": {
              "line": 68,
              "column": 8
            },
            "end": {
              "line": 72,
              "column": 9
            }
          }
        ],
        "line": 68
      },
      "6": {
        "loc": {
          "start": {
            "line": 75,
            "column": 8
          },
          "end": {
            "line": 76,
            "column": 46
          }
        },
        "type": "if",
        "locations": [
          {
            "start": {
              "line": 75,
              "column": 8
            },
            "end": {
              "line": 76,
              "column": 46
            }
          },
          {
            "start": {
              "line": 75,
              "column": 8
            },
            "end": {
              "line": 76,
              "column": 46
            }
          }
        ],
        "line": 75
      }
    },
    "s": {
      "0": 11,
      "1": 11,
      "2": 11,
      "3": 11,
      "4": 11,
      "5": 11,
      "6": 0,
      "7": 11,
      "8": 10,
      "9": 11,
      "10": 0,
      "11": 0,
      "12": 0,
      "13": 11,
      "14": 11,
      "15": 99,
      "16": 99,
      "17": 0,
      "18": 99,
      "19": 77,
      "20": 77,
      "21": 22,
      "22": 22,
      "23": 99,
      "24": 56,
      "25": 56,
      "26": 0,
      "27": 56,
      "28": 0,
      "29": 11,
      "30": 11,
      "31": 11,
      "32": 0,
      "33": 0,
      "34": 0,
      "35": 0,
      "36": 0,
      "37": 0,
      "38": 0,
      "39": 0
    },
    "f": {
      "0": 11,
      "1": 11,
      "2": 10,
      "3": 0,
      "4": 11,
      "5": 11,
      "6": 56,
      "7": 56,
      "8": 0,
      "9": 11,
      "10": 0,
      "11": 0
    },
    "b": {
      "0": [
        0,
        11
      ],
      "1": [
        0,
        99
      ],
      "2": [
        77,
        22
      ],
      "3": [
        0,
        56
      ],
      "4": [
        11,
        11
      ],
      "5": [
        0,
        0
      ],
      "6": [
        0,
        0
      ]
    },
    "_coverageSchema": "43e27e138ebf9cfc5966b082cf9a028302ed4184",
    "hash": "f52b7406a180d7c051e6142d715f722ea7dcaef1"
  },
  "C:\\Users\\danny\\libs\\any-chat\\src\\core\\decorators.ts": {
    "path": "C:\\Users\\danny\\libs\\any-chat\\src\\core\\decorators.ts",
    "statementMap": {
      "0": {
        "start": {
          "line": 2,
          "column": 4
        },
        "end": {
          "line": 18,
          "column": 6
        }
      },
      "1": {
        "start": {
          "line": 3,
          "column": 31
        },
        "end": {
          "line": 3,
          "column": 47
        }
      },
      "2": {
        "start": {
          "line": 4,
          "column": 8
        },
        "end": {
          "line": 16,
          "column": 10
        }
      },
      "3": {
        "start": {
          "line": 5,
          "column": 12
        },
        "end": {
          "line": 6,
          "column": 56
        }
      },
      "4": {
        "start": {
          "line": 6,
          "column": 16
        },
        "end": {
          "line": 6,
          "column": 56
        }
      },
      "5": {
        "start": {
          "line": 7,
          "column": 12
        },
        "end": {
          "line": 8,
          "column": 29
        }
      },
      "6": {
        "start": {
          "line": 8,
          "column": 16
        },
        "end": {
          "line": 8,
          "column": 29
        }
      },
      "7": {
        "start": {
          "line": 9,
          "column": 12
        },
        "end": {
          "line": 10,
          "column": 26
        }
      },
      "8": {
        "start": {
          "line": 10,
          "column": 16
        },
        "end": {
          "line": 10,
          "column": 26
        }
      },
      "9": {
        "start": {
          "line": 11,
          "column": 12
        },
        "end": {
          "line": 12,
          "column": 26
        }
      },
      "10": {
        "start": {
          "line": 12,
          "column": 16
        },
        "end": {
          "line": 12,
          "column": 26
        }
      },
      "11": {
        "start": {
          "line": 13,
          "column": 12
        },
        "end": {
          "line": 15,
          "column": 15
        }
      },
      "12": {
        "start": {
          "line": 14,
          "column": 16
        },
        "end": {
          "line": 14,
          "column": 81
        }
      },
      "13": {
        "start": {
          "line": 14,
          "column": 38
        },
        "end": {
          "line": 14,
          "column": 79
        }
      },
      "14": {
        "start": {
          "line": 17,
          "column": 8
        },
        "end": {
          "line": 17,
          "column": 26
        }
      }
    },
    "fnMap": {
      "0": {
        "name": "jsApiMethod",
        "decl": {
          "start": {
            "line": 1,
            "column": 16
          },
          "end": {
            "line": 1,
            "column": 27
          }
        },
        "loc": {
          "start": {
            "line": 1,
            "column": 30
          },
          "end": {
            "line": 19,
            "column": 1
          }
        },
        "line": 1
      },
      "1": {
        "name": "(anonymous_1)",
        "decl": {
          "start": {
            "line": 2,
            "column": 11
          },
          "end": {
            "line": 2,
            "column": 12
          }
        },
        "loc": {
          "start": {
            "line": 2,
            "column": 47
          },
          "end": {
            "line": 18,
            "column": 5
          }
        },
        "line": 2
      },
      "2": {
        "name": "(anonymous_2)",
        "decl": {
          "start": {
            "line": 4,
            "column": 27
          },
          "end": {
            "line": 4,
            "column": 28
          }
        },
        "loc": {
          "start": {
            "line": 4,
            "column": 46
          },
          "end": {
            "line": 16,
            "column": 9
          }
        },
        "line": 4
      },
      "3": {
        "name": "(anonymous_3)",
        "decl": {
          "start": {
            "line": 13,
            "column": 31
          },
          "end": {
            "line": 13,
            "column": 32
          }
        },
        "loc": {
          "start": {
            "line": 13,
            "column": 42
          },
          "end": {
            "line": 15,
            "column": 13
          }
        },
        "line": 13
      },
      "4": {
        "name": "(anonymous_4)",
        "decl": {
          "start": {
            "line": 14,
            "column": 32
          },
          "end": {
            "line": 14,
            "column": 33
          }
        },
        "loc": {
          "start": {
            "line": 14,
            "column": 38
          },
          "end": {
            "line": 14,
            "column": 79
          }
        },
        "line": 14
      }
    },
    "branchMap": {
      "0": {
        "loc": {
          "start": {
            "line": 5,
            "column": 12
          },
          "end": {
            "line": 6,
            "column": 56
          }
        },
        "type": "if",
        "locations": [
          {
            "start": {
              "line": 5,
              "column": 12
            },
            "end": {
              "line": 6,
              "column": 56
            }
          },
          {
            "start": {
              "line": 5,
              "column": 12
            },
            "end": {
              "line": 6,
              "column": 56
            }
          }
        ],
        "line": 5
      },
      "1": {
        "loc": {
          "start": {
            "line": 7,
            "column": 12
          },
          "end": {
            "line": 8,
            "column": 29
          }
        },
        "type": "if",
        "locations": [
          {
            "start": {
              "line": 7,
              "column": 12
            },
            "end": {
              "line": 8,
              "column": 29
            }
          },
          {
            "start": {
              "line": 7,
              "column": 12
            },
            "end": {
              "line": 8,
              "column": 29
            }
          }
        ],
        "line": 7
      },
      "2": {
        "loc": {
          "start": {
            "line": 9,
            "column": 12
          },
          "end": {
            "line": 10,
            "column": 26
          }
        },
        "type": "if",
        "locations": [
          {
            "start": {
              "line": 9,
              "column": 12
            },
            "end": {
              "line": 10,
              "column": 26
            }
          },
          {
            "start": {
              "line": 9,
              "column": 12
            },
            "end": {
              "line": 10,
              "column": 26
            }
          }
        ],
        "line": 9
      },
      "3": {
        "loc": {
          "start": {
            "line": 11,
            "column": 12
          },
          "end": {
            "line": 12,
            "column": 26
          }
        },
        "type": "if",
        "locations": [
          {
            "start": {
              "line": 11,
              "column": 12
            },
            "end": {
              "line": 12,
              "column": 26
            }
          },
          {
            "start": {
              "line": 11,
              "column": 12
            },
            "end": {
              "line": 12,
              "column": 26
            }
          }
        ],
        "line": 11
      }
    },
    "s": {
      "0": 198,
      "1": 198,
      "2": 198,
      "3": 108,
      "4": 108,
      "5": 0,
      "6": 0,
      "7": 0,
      "8": 0,
      "9": 0,
      "10": 0,
      "11": 0,
      "12": 0,
      "13": 0,
      "14": 198
    },
    "f": {
      "0": 198,
      "1": 198,
      "2": 108,
      "3": 0,
      "4": 0
    },
    "b": {
      "0": [
        108,
        0
      ],
      "1": [
        0,
        0
      ],
      "2": [
        0,
        0
      ],
      "3": [
        0,
        0
      ]
    },
    "_coverageSchema": "43e27e138ebf9cfc5966b082cf9a028302ed4184",
    "hash": "9f86bbf1f6e4698b20aff09e055454adbcb52180"
  }
}